#
# There is insufficient memory for the Java Runtime Environment to continue.
# Native memory allocation (mmap) failed to map 255852544 bytes for G1 virtual space
# Possible reasons:
#   The system is out of physical RAM or swap space
#   The process is running with CompressedOops enabled, and the Java Heap may be blocking the growth of the native heap
# Possible solutions:
#   Reduce memory load on the system
#   Increase physical memory or swap space
#   Check if swap backing store is full
#   Decrease Java heap size (-Xmx/-Xms)
#   Decrease number of Java threads
#   Decrease Java thread stack sizes (-Xss)
#   Set larger code cache with -XX:ReservedCodeCacheSize=
#   JVM is running with Zero Based Compressed Oops mode in which the Java heap is
#     placed in the first 32GB address space. The Java Heap base address is the
#     maximum limit for the native heap growth. Please use -XX:HeapBaseMinAddress
#     to set the Java Heap base and to place the Java Heap above 32GB virtual address.
# This output file may be truncated or incomplete.
#
#  Out of Memory Error (os_windows.cpp:3771), pid=31420, tid=29732
#
# JRE version:  (17.0.7+7) (build )
# Java VM: OpenJDK 64-Bit Server VM (17.0.7+7-b1000.6, mixed mode, sharing, tiered, compressed oops, compressed class ptrs, g1 gc, windows-amd64)
# No core dump will be written. Minidumps are not enabled by default on client versions of Windows
#

---------------  S U M M A R Y ------------

Command Line: git4idea.http.GitAskPassApp Username for 'https://gitee.com': 

Host: AMD Ryzen 5 6600H with Radeon Graphics         , 12 cores, 15G,  Windows 11 , 64 bit Build 22621 (10.0.22621.5124)
Time: Mon Apr 28 19:56:10 2025  Windows 11 , 64 bit Build 22621 (10.0.22621.5124) elapsed time: 0.013668 seconds (0d 0h 0m 0s)

---------------  T H R E A D  ---------------

Current thread (0x0000022a136f7920):  JavaThread "Unknown thread" [_thread_in_vm, id=29732, stack(0x0000006285800000,0x0000006285900000)]

Stack: [0x0000006285800000,0x0000006285900000]
Native frames: (J=compiled Java code, j=interpreted, Vv=VM code, C=native code)
V  [jvm.dll+0x683bfa]
V  [jvm.dll+0x8430a4]
V  [jvm.dll+0x8449be]
V  [jvm.dll+0x845023]
V  [jvm.dll+0x24ad2f]
V  [jvm.dll+0x680ac9]
V  [jvm.dll+0x67519a]
V  [jvm.dll+0x30b3cb]
V  [jvm.dll+0x312876]
V  [jvm.dll+0x36221e]
V  [jvm.dll+0x36244f]
V  [jvm.dll+0x2e14a8]
V  [jvm.dll+0x2e2414]
V  [jvm.dll+0x814391]
V  [jvm.dll+0x36ffe1]
V  [jvm.dll+0x7f396c]
V  [jvm.dll+0x3f305f]
V  [jvm.dll+0x3f4b91]
C  [jli.dll+0x528f]
C  [ucrtbase.dll+0x29333]
C  [KERNEL32.DLL+0x1259d]
C  [ntdll.dll+0x5af38]


---------------  P R O C E S S  ---------------

Threads class SMR info:
_java_thread_list=0x00007ff80817d098, length=0, elements={
}

Java Threads: ( => current thread )

Other Threads:
  0x0000022a1375f390 GCTaskThread "GC Thread#0" [stack: 0x0000006285900000,0x0000006285a00000] [id=36296]
  0x0000022a13770d10 ConcurrentGCThread "G1 Main Marker" [stack: 0x0000006285a00000,0x0000006285b00000] [id=29288]
  0x0000022a13773ce0 ConcurrentGCThread "G1 Conc#0" [stack: 0x0000006285b00000,0x0000006285c00000] [id=34472]

[error occurred during error reporting (printing all threads), id 0xc0000005, EXCEPTION_ACCESS_VIOLATION (0xc0000005) at pc=0x00007ff807932087]

VM state: not at safepoint (not fully initialized)

VM Mutex/Monitor currently owned by a thread:  ([mutex/lock_event])
[0x0000022a136f2c20] Heap_lock - owner thread: 0x0000022a136f7920

Heap address: 0x000000070ce00000, size: 3890 MB, Compressed Oops mode: Zero based, Oop shift amount: 3

CDS archive(s) mapped at: [0x0000000000000000-0x0000000000000000-0x0000000000000000), size 0, SharedBaseAddress: 0x0000000800000000, ArchiveRelocationMode: 0.
Narrow klass base: 0x0000000000000000, Narrow klass shift: 0, Narrow klass range: 0x0

GC Precious Log:
<Empty>

Heap:
 garbage-first heap   total 0K, used 0K [0x000000070ce00000, 0x0000000800000000)
  region size 2048K, 0 young (0K), 0 survivors (0K)
 Metaspace       used 0K, committed 0K, reserved 0K
  class space    used 0K, committed 0K, reserved 0K

Heap Regions: E=young(eden), S=young(survivor), O=old, HS=humongous(starts), HC=humongous(continues), CS=collection set, F=free, OA=open archive, CA=closed archive, TAMS=top-at-mark-start (previous, next)

Card table byte_map: [0x0000022a26b50000,0x0000022a272f0000] _byte_map_base: 0x0000022a232e9000

Marking Bits (Prev, Next): (CMBitMap*) 0x0000022a137608c0, (CMBitMap*) 0x0000022a13760900
 Prev Bits: [0x0000022a27a90000, 0x0000022a2b758000)
 Next Bits: [0x0000022a2b760000, 0x0000022a2f428000)

GC Heap History (0 events):
No events

Dll operation events (1 events):
Event: 0.008 Loaded shared library D:\PhpStorm 2022.1.4\jbr\bin\java.dll

Deoptimization events (0 events):
No events

Classes unloaded (0 events):
No events

Classes redefined (0 events):
No events

Internal exceptions (0 events):
No events

VM Operations (0 events):
No events

Events (0 events):
No events


Dynamic libraries:
0x00007ff75ade0000 - 0x00007ff75adea000 	D:\PhpStorm 2022.1.4\jbr\bin\java.exe
0x00007ff84cf50000 - 0x00007ff84d167000 	C:\WINDOWS\SYSTEM32\ntdll.dll
0x00007ff84c590000 - 0x00007ff84c654000 	C:\WINDOWS\System32\KERNEL32.DLL
0x00007ff84a0e0000 - 0x00007ff84a4b3000 	C:\WINDOWS\System32\KERNELBASE.dll
0x00007ff84a9f0000 - 0x00007ff84ab01000 	C:\WINDOWS\System32\ucrtbase.dll
0x00007ff842010000 - 0x00007ff84202b000 	D:\PhpStorm 2022.1.4\jbr\bin\VCRUNTIME140.dll
0x00007ff8442a0000 - 0x00007ff8442b7000 	D:\PhpStorm 2022.1.4\jbr\bin\jli.dll
0x00007ff84b0f0000 - 0x00007ff84b2a1000 	C:\WINDOWS\System32\USER32.dll
0x00007ff82eea0000 - 0x00007ff82f138000 	C:\WINDOWS\WinSxS\amd64_microsoft.windows.common-controls_6595b64144ccf1df_6.0.22621.5124_none_270e8f4f7386d69d\COMCTL32.dll
0x00007ff84ab10000 - 0x00007ff84ab36000 	C:\WINDOWS\System32\win32u.dll
0x00007ff84cb00000 - 0x00007ff84cba7000 	C:\WINDOWS\System32\msvcrt.dll
0x00007ff84cdd0000 - 0x00007ff84cdf9000 	C:\WINDOWS\System32\GDI32.dll
0x00007ff84a8d0000 - 0x00007ff84a9eb000 	C:\WINDOWS\System32\gdi32full.dll
0x00007ff84a6c0000 - 0x00007ff84a75a000 	C:\WINDOWS\System32\msvcp_win.dll
0x00007ff84cbc0000 - 0x00007ff84cbf1000 	C:\WINDOWS\System32\IMM32.DLL
0x00007ff8464e0000 - 0x00007ff8464ec000 	D:\PhpStorm 2022.1.4\jbr\bin\vcruntime140_1.dll
0x00007ff802380000 - 0x00007ff80240d000 	D:\PhpStorm 2022.1.4\jbr\bin\msvcp140.dll
0x00007ff807640000 - 0x00007ff8082c0000 	D:\PhpStorm 2022.1.4\jbr\bin\server\jvm.dll
0x00007ff84b2b0000 - 0x00007ff84b361000 	C:\WINDOWS\System32\ADVAPI32.dll
0x00007ff84c4e0000 - 0x00007ff84c588000 	C:\WINDOWS\System32\sechost.dll
0x00007ff84ab40000 - 0x00007ff84ab68000 	C:\WINDOWS\System32\bcrypt.dll
0x00007ff84c810000 - 0x00007ff84c924000 	C:\WINDOWS\System32\RPCRT4.dll
0x00007ff846340000 - 0x00007ff846374000 	C:\WINDOWS\SYSTEM32\WINMM.dll
0x00007ff82ed80000 - 0x00007ff82ed89000 	C:\WINDOWS\SYSTEM32\WSOCK32.dll
0x00007ff842690000 - 0x00007ff84269a000 	C:\WINDOWS\SYSTEM32\VERSION.dll
0x00007ff84c9c0000 - 0x00007ff84ca31000 	C:\WINDOWS\System32\WS2_32.dll
0x00007ff849110000 - 0x00007ff849128000 	C:\WINDOWS\SYSTEM32\kernel.appcore.dll
0x00007ff8442d0000 - 0x00007ff8442da000 	D:\PhpStorm 2022.1.4\jbr\bin\jimage.dll
0x00007ff847940000 - 0x00007ff847b72000 	C:\WINDOWS\SYSTEM32\DBGHELP.DLL
0x00007ff84abf0000 - 0x00007ff84af82000 	C:\WINDOWS\System32\combase.dll
0x00007ff84cc70000 - 0x00007ff84cd47000 	C:\WINDOWS\System32\OLEAUT32.dll
0x00007ff846300000 - 0x00007ff846332000 	C:\WINDOWS\SYSTEM32\dbgcore.DLL
0x00007ff84a060000 - 0x00007ff84a0db000 	C:\WINDOWS\System32\bcryptPrimitives.dll
0x00007ff844130000 - 0x00007ff844155000 	D:\PhpStorm 2022.1.4\jbr\bin\java.dll

dbghelp: loaded successfully - version: 4.0.5 - missing functions: none
symbol engine: initialized successfully - sym options: 0x614 - pdb path: .;D:\PhpStorm 2022.1.4\jbr\bin;C:\WINDOWS\SYSTEM32;C:\WINDOWS\WinSxS\amd64_microsoft.windows.common-controls_6595b64144ccf1df_6.0.22621.5124_none_270e8f4f7386d69d;D:\PhpStorm 2022.1.4\jbr\bin\server

VM Arguments:
java_command: git4idea.http.GitAskPassApp Username for 'https://gitee.com': 
java_class_path (initial): D:/PhpStorm 2022.1.4/plugins/vcs-git/lib/git4idea-rt.jar;D:/PhpStorm 2022.1.4/lib/externalProcess-rt.jar
Launcher Type: SUN_STANDARD

[Global flags]
     intx CICompilerCount                          = 4                                         {product} {ergonomic}
     uint ConcGCThreads                            = 3                                         {product} {ergonomic}
     uint G1ConcRefinementThreads                  = 10                                        {product} {ergonomic}
   size_t G1HeapRegionSize                         = 2097152                                   {product} {ergonomic}
    uintx GCDrainStackTargetSize                   = 64                                        {product} {ergonomic}
   size_t InitialHeapSize                          = 255852544                                 {product} {ergonomic}
   size_t MarkStackSize                            = 4194304                                   {product} {ergonomic}
   size_t MaxHeapSize                              = 4078960640                                {product} {ergonomic}
   size_t MinHeapDeltaBytes                        = 2097152                                   {product} {ergonomic}
   size_t MinHeapSize                              = 8388608                                   {product} {ergonomic}
    uintx NonNMethodCodeHeapSize                   = 5839372                                {pd product} {ergonomic}
    uintx NonProfiledCodeHeapSize                  = 122909434                              {pd product} {ergonomic}
    uintx ProfiledCodeHeapSize                     = 122909434                              {pd product} {ergonomic}
    uintx ReservedCodeCacheSize                    = 251658240                              {pd product} {ergonomic}
     bool SegmentedCodeCache                       = true                                      {product} {ergonomic}
   size_t SoftMaxHeapSize                          = 4078960640                             {manageable} {ergonomic}
     bool UseCompressedClassPointers               = true                           {product lp64_product} {ergonomic}
     bool UseCompressedOops                        = true                           {product lp64_product} {ergonomic}
     bool UseG1GC                                  = true                                      {product} {ergonomic}
     bool UseLargePagesIndividualAllocation        = false                                  {pd product} {ergonomic}

Logging:
Log output configuration:
 #0: stdout all=warning uptime,level,tags
 #1: stderr all=off uptime,level,tags

Environment Variables:
PATH=C:/Program Files/Git/mingw64/libexec/git-core;C:/Program Files/Git/mingw64/libexec/git-core;C:\Program Files\Git\mingw64\bin;C:\Program Files\Git\usr\bin;C:\Users\86139\bin;C:\WINDOWS\system32;C:\WINDOWS;C:\WINDOWS\System32\Wbem;C:\WINDOWS\System32\WindowsPowerShell\v1.0\;C:\WINDOWS\System32\OpenSSH\;C:\Program Files\Git\cmd;D:\phpenv\php\php-8.2;D:\Go\bin;C:\Program Files (x86)\PuTTY\;c:\Users\86139\AppData\Local\Programs\cursor\resources\app\bin;C:\ProgramData\ComposerSetup\bin;C:\ProgramData\ComposerSetup\bin;C:\Program Files\nodejsv22.14\;D:\微信web开发者工具\dll;C:\Users\86139\AppData\Local\Programs\Python\Launcher\;C:\Users\86139\AppData\Local\Microsoft\WindowsApps;D:\Microsoft VS Code\bin;C:\Users\86139\AppData\Local\Programs\Fiddler;C:\Users\86139\go\bin;C:\Users\86139\AppData\Roaming\Composer\vendor\bin;C:\Users\86139\AppData\Roaming\npm;D:\phpenv\php\php-7.4\;D:\phpenv\server\mysql\mysql-5.7\bin\;D:\phpenv\tools\Composer\
USERNAME=86139
DISPLAY=:0.0
LC_ALL=en_US.UTF-8
TERM=xterm-256color
TMPDIR=C:\Users\86139\AppData\Local\Temp
OS=Windows_NT
PROCESSOR_IDENTIFIER=AMD64 Family 25 Model 68 Stepping 1, AuthenticAMD
TMP=C:\Users\86139\AppData\Local\Temp
TEMP=C:\Users\86139\AppData\Local\Temp


JNI global refs:
JNI global refs: 0, weak refs: 0

JNI global refs memory usage: 0, weak refs: 0

OOME stack traces (most recent first):
Classloader memory used:


---------------  S Y S T E M  ---------------

OS:
 Windows 11 , 64 bit Build 22621 (10.0.22621.5124)
OS uptime: 1 days 6:09 hours

CPU: total 12 (initial active 12) (12 cores per cpu, 2 threads per core) family 25 model 68 stepping 1 microcode 0x0, cx8, cmov, fxsr, ht, mmx, 3dnowpref, sse, sse2, sse3, ssse3, sse4a, sse4.1, sse4.2, popcnt, lzcnt, tsc, tscinvbit, avx, avx2, aes, clmul, bmi1, bmi2, adx, sha, fma, vzeroupper, clflush, clflushopt

Memory: 4k page, system-wide physical 15556M (1264M free)
TotalPageFile size 34306M (AvailPageFile size 96M)
current process WorkingSet (physical memory assigned to process): 12M, peak: 12M
current process commit charge ("private bytes"): 64M, peak: 308M

vm_info: OpenJDK 64-Bit Server VM (17.0.7+7-b1000.6) for windows-amd64 JRE (17.0.7+7-b1000.6), built on 2023-07-07 by "builduser" with MS VC++ 16.10 / 16.11 (VS2019)

END.
